<?xml version="1.0" encoding="UTF-8" standalone="no"?>
<!DOCTYPE log SYSTEM "logger.dtd">
<log>
<record>
  <date>2015-02-09T10:56:31</date>
  <millis>1423466791229</millis>
  <sequence>0</sequence>
  <logger>SERVERclass</logger>
  <level>SEVERE</level>
  <class>WriteLogEntriesToLogFile</class>
  <method>serverWriteLogFile</method>
  <thread>1</thread>
  <message>SEVERE msg</message>
</record>
<record>
  <date>2015-02-09T10:56:31</date>
  <millis>1423466791247</millis>
  <sequence>1</sequence>
  <logger>SERVERclass</logger>
  <level>INFO</level>
  <class>WriteLogEntriesToLogFile</class>
  <method>serverWriteLogFile</method>
  <thread>1</thread>
  <message>INFO msg</message>
</record>
<record>
  <date>2015-02-09T10:56:31</date>
  <millis>1423466791247</millis>
  <sequence>1</sequence>
  <logger>SERVERclass</logger>
  <level>INFO</level>
  <class>WriteLogEntriesToLogFile</class>
  <method>serverWriteLogFile</method>
  <thread>1</thread>
  <message>INFO msg</message>
</record>
<record>
  <date>2015-02-09T10:56:31</date>
  <millis>1423466791247</millis>
  <sequence>1</sequence>
  <logger>SERVERclass</logger>
  <level>INFO</level>
  <class>WriteLogEntriesToLogFile</class>
  <method>serverWriteLogFile</method>
  <thread>1</thread>
  <message>INFO msg</message>
</record>
</log>
